<?xml version="1.0" encoding="UTF-8"?>
<!-- Generated by org.testng.reporters.JUnitReportReporter -->
<testsuite hostname="LTIN280691" failures="0" tests="14" name="bikesMain.DisplayNewBikes" time="40.468" errors="0" timestamp="2024-02-28T16:06:59 IST" skipped="0">
  <testcase classname="bikesMain.DisplayNewBikes" name="NewBikes" time="1.418"/>
  <testcase classname="bikesMain.DisplayNewBikes" name="UpcomingBikes" time="3.488"/>
  <testcase classname="bikesMain.DisplayNewBikes" name="ManufacturerDrop" time="2.757"/>
  <testcase classname="bikesMain.DisplayNewBikes" name="ClickHonda" time="0.849"/>
  <testcase classname="bikesMain.DisplayNewBikes" name="Viewmore" time="1.668"/>
  <testcase classname="bikesMain.DisplayNewBikes" name="ModelName" time="3.252"/>
  <testcase classname="bikesMain.DisplayNewBikes" name="Usedcars" time="1.568"/>
  <testcase classname="bikesMain.DisplayNewBikes" name="clickChennai" time="5.192"/>
  <testcase classname="bikesMain.DisplayNewBikes" name="GetCarBrands" time="4.322"/>
  <testcase classname="bikesMain.DisplayNewBikes" name="login" time="0.382"/>
  <testcase classname="bikesMain.DisplayNewBikes" name="Google" time="5.278"/>
  <testcase classname="bikesMain.DisplayNewBikes" name="Lognwndw" time="5.430"/>
  <testcase classname="bikesMain.DisplayNewBikes" name="EnterDetails" time="3.464"/>
  <testcase classname="bikesMain.DisplayNewBikes" name="ErrorMsg" time="1.400"/>
</testsuite> <!-- bikesMain.DisplayNewBikes -->
